{
  "RSpec": {
    "coverage": {
      "/Users/albertpaul/workspace/personal/parser_test/lib/app.rb": {
        "lines": [
          null,
          null,
          null,
          1,
          1,
          null,
          1,
          null,
          1,
          null,
          null,
          null,
          null,
          null,
          3,
          3,
          3,
          3,
          null,
          null,
          1,
          3,
          null,
          1,
          1,
          1,
          null,
          null,
          1,
          null,
          1,
          3,
          2,
          null,
          1,
          null,
          null,
          1,
          1,
          null,
          null
        ]
      },
      "/Users/albertpaul/workspace/personal/parser_test/spec/lib/parser/analyser_spec.rb": {
        "lines": [
          null,
          null,
          1,
          null,
          1,
          1,
          4,
          null,
          1,
          4,
          null,
          1,
          4,
          null,
          5,
          5,
          null,
          1,
          1,
          1,
          1,
          1,
          null,
          null,
          null,
          null,
          1,
          1,
          1,
          1,
          null,
          null,
          null,
          null,
          1,
          1,
          1,
          1,
          null,
          1,
          null,
          null,
          null,
          null,
          1,
          1,
          1,
          1,
          null,
          1,
          null,
          null,
          null,
          null,
          null
        ]
      },
      "/Users/albertpaul/workspace/personal/parser_test/lib/parser/analyser.rb": {
        "lines": [
          null,
          null,
          null,
          1,
          1,
          1,
          null,
          1,
          1,
          null,
          1,
          5,
          null,
          null,
          1,
          6,
          5,
          null,
          4,
          null,
          null,
          1,
          5,
          null,
          null,
          1,
          5,
          null,
          null,
          null
        ]
      },
      "/Users/albertpaul/workspace/personal/parser_test/spec/lib/parser/log_format/webserver_spec.rb": {
        "lines": [
          null,
          null,
          1,
          null,
          1,
          1,
          1,
          4,
          4,
          4,
          1,
          3,
          null,
          null,
          null,
          null,
          null,
          null,
          1,
          2,
          null,
          1,
          1,
          null,
          1,
          null,
          null,
          null,
          1,
          3,
          1,
          2,
          null,
          null,
          1,
          1,
          null,
          null,
          1,
          1,
          null,
          null,
          null,
          null
        ]
      },
      "/Users/albertpaul/workspace/personal/parser_test/lib/parser/log_format/webserver.rb": {
        "lines": [
          null,
          null,
          null,
          1,
          1,
          1,
          1,
          null,
          1,
          1,
          1,
          null,
          null,
          1,
          3,
          3,
          3,
          3,
          3,
          null,
          null,
          1,
          3,
          7,
          7,
          7,
          null,
          7,
          null,
          3,
          null,
          null,
          1,
          null,
          1,
          11,
          7,
          null,
          5,
          5,
          5,
          null,
          null,
          1,
          11,
          7,
          null,
          5,
          5,
          5,
          null,
          null,
          null,
          null
        ]
      },
      "/Users/albertpaul/workspace/personal/parser_test/spec/lib/parser/presenter/stdout_spec.rb": {
        "lines": [
          null,
          null,
          1,
          null,
          1,
          3,
          null,
          1,
          1,
          1,
          1,
          null,
          1,
          null,
          null,
          1,
          1,
          null,
          1,
          null,
          null,
          1,
          null,
          null,
          null,
          1,
          null,
          null,
          null,
          null,
          null
        ]
      },
      "/Users/albertpaul/workspace/personal/parser_test/lib/parser/presenter/stdout.rb": {
        "lines": [
          null,
          null,
          null,
          1,
          1,
          1,
          1,
          1,
          1,
          null,
          null,
          1,
          1,
          3,
          3,
          null,
          null,
          1,
          null,
          1,
          3,
          3,
          null,
          3,
          null,
          null,
          1,
          3,
          3,
          null,
          3,
          null,
          null,
          1,
          6,
          6,
          null,
          null,
          1,
          6,
          6,
          6,
          0,
          null,
          null,
          null,
          null,
          null,
          null
        ]
      },
      "/Users/albertpaul/workspace/personal/parser_test/spec/lib/parser/visitor_spec.rb": {
        "lines": [
          null,
          null,
          1,
          null,
          1,
          1,
          1,
          2,
          null,
          1,
          1,
          null,
          null,
          null,
          null
        ]
      },
      "/Users/albertpaul/workspace/personal/parser_test/lib/parser/visitor.rb": {
        "lines": [
          null,
          null,
          null,
          1,
          1,
          1,
          null,
          1,
          1,
          null,
          null,
          null
        ]
      },
      "/Users/albertpaul/workspace/personal/parser_test/spec/lib/parser/web_page_spec.rb": {
        "lines": [
          null,
          null,
          1,
          null,
          1,
          5,
          null,
          1,
          1,
          1,
          1,
          null,
          null,
          1,
          1,
          null,
          null,
          null,
          null,
          1,
          3,
          null,
          1,
          1,
          1,
          null,
          1,
          null,
          null,
          null,
          1,
          1,
          1,
          1,
          null,
          1,
          null,
          null,
          null,
          null
        ]
      },
      "/Users/albertpaul/workspace/personal/parser_test/lib/parser/web_page.rb": {
        "lines": [
          null,
          null,
          null,
          1,
          1,
          1,
          null,
          1,
          4,
          4,
          null,
          null,
          1,
          3,
          null,
          2,
          null,
          null,
          1,
          0,
          null,
          null,
          1,
          0,
          null,
          null,
          1,
          null,
          1,
          1,
          null,
          null,
          1,
          2,
          null,
          null,
          null
        ]
      },
      "/Users/albertpaul/workspace/personal/parser_test/lib/parser/exception.rb": {
        "lines": [
          null,
          null,
          1,
          1,
          1,
          1,
          1,
          null,
          null
        ]
      }
    },
    "timestamp": 1649810019
  }
}
